<?xml version="1.0" encoding="UTF-8"?>
<!-- Generated by org.testng.reporters.JUnitXMLReporter -->
<testsuite ignored="0" hostname="DESKTOP-TSHER2F" failures="1" tests="1" name="Test" time="67.146" errors="0" timestamp="2023-11-02T14:46:16 IST">
  <testcase classname="commonMethods.Testcases" name="ChatBot" time="64.028">
    <failure type="org.openqa.selenium.TimeoutException" message="Expected condition failed: waiting for visibility of element located by By.xpath: //p[text()=&amp;apos;raise an issue&amp;apos;]/ancestor::div[@class=&amp;apos;dave-userchat&amp;apos;]/following::div[@class=&amp;apos;dave-botchat&amp;apos;]/child::p[@class=&amp;apos;dave-chattext&amp;apos;] (tried for 30 second(s) with 500 milliseconds interval)">
      <![CDATA[org.openqa.selenium.TimeoutException: Expected condition failed: waiting for visibility of element located by By.xpath: //p[text()='raise an issue']/ancestor::div[@class='dave-userchat']/following::div[@class='dave-botchat']/child::p[@class='dave-chattext'] (tried for 30 second(s) with 500 milliseconds interval)
at org.openqa.selenium.support.ui.WebDriverWait.timeoutException(WebDriverWait.java:82)
at org.openqa.selenium.support.ui.FluentWait.until(FluentWait.java:272)
at commonMethods.Keywords.asserterText(Keywords.java:425)
at scripts.ChatBot.createnexa(ChatBot.java:35)
at commonMethods.Testcases.ChatBot(Testcases.java:68)
at java.base/java.util.ArrayList.forEach(ArrayList.java:1511)
Caused by: org.openqa.selenium.NoSuchElementException: Cannot locate an element using By.xpath: //p[text()='raise an issue']/ancestor::div[@class='dave-userchat']/following::div[@class='dave-botchat']/child::p[@class='dave-chattext']
For documentation on this error, please visit: http://seleniumhq.org/exceptions/no_such_element.html
Build info: version: '3.10.0', revision: '176b4a9', time: '2018-03-02T19:03:16.397Z'
System info: host: 'DESKTOP-TSHER2F', ip: '192.168.0.175', os.name: 'Windows 10', os.arch: 'amd64', os.version: '10.0', java.version: '17.0.7'
Driver info: driver.version: unknown
at org.openqa.selenium.support.ui.ExpectedConditions.lambda$findElement$0(ExpectedConditions.java:896)
at java.base/java.util.Optional.orElseThrow(Optional.java:403)
at org.openqa.selenium.support.ui.ExpectedConditions.findElement(ExpectedConditions.java:895)
at org.openqa.selenium.support.ui.ExpectedConditions.access$000(ExpectedConditions.java:44)
at org.openqa.selenium.support.ui.ExpectedConditions$7.apply(ExpectedConditions.java:206)
at org.openqa.selenium.support.ui.ExpectedConditions$7.apply(ExpectedConditions.java:202)
at org.openqa.selenium.support.ui.FluentWait.until(FluentWait.java:249)
... 31 more
... Removed 27 stack frames]]>
    </failure>
  </testcase> <!-- ChatBot -->
</testsuite> <!-- Test -->
