<!DOCTYPE html>

<html>
    <head>
        <title>Pie Charts</title>

        <link rel="stylesheet" type="text/css" href="../../../../../../../HTML_Design_Files/CSS/design.css" />
        <link rel="stylesheet" type="text/css" href="../../../../../../../HTML_Design_Files/CSS/jquery.jqplot.css" />

        <script type="text/javascript" src="../../../../../../../HTML_Design_Files/JS/jquery.min.js"></script>
        <script type="text/javascript" src="../../../../../../../HTML_Design_Files/JS/jquery.jqplot.min.js"></script>
        <!--[if lt IE 9]>
        <script language="javascript" type="text/javascript" src="../../../../../../../HTML_Design_Files/JS/excanvas.js"></script>
        <![endif]-->

        <script language="javascript" type="text/javascript" src="../../../../../../../HTML_Design_Files/JS/jqplot.pieRenderer.min.js"></script>
        <script language="javascript" type="text/javascript">$(document).ready(function() { $(".exception").hide(); $("#showmenu").show(); $('#showmenu').click(function() { $('.exception').toggle("slide"); }); });        </script>    </head>
    <body>
        <table id="mainTable">
            <tr id="header" >
                <td id="logo"><img src="../../../../../../../HTML_Design_Files/IMG/TrackDfect.jpg" alt="Logo" height="80" width="140" /> <br/></td>
                <td id="headertext">
           Maruthi test Reports         
<div style="padding-right:20px;float:right"><img src="../../../../../../../HTML_Design_Files/IMG/images.png" height="70" width="140" /> </i></div>                </td>
            </tr>

            <tr id="container">
                <td id="menu">
                    <ul> 

 <li class="menuStyle"><a href="../../../../../../../index.html" >Index</a></li><li style="padding-top: 4px;"><a href="../../../../../../ConsolidatedPage.html" >Consolidated Page</a></li>


                    </ul>
                </td>


<td id="content">   
                    <div class="info">
       TestCase Name: <b>ChatBot  :  Iteration 1</b><br/>                        Time Taken for Executing: <b>64 Sec</b> <br/>
                        Current Run Number: <b>Run 11</b></br>
                    </div>
<div class="chartStyle summary" style="background-color:#dbae0f;width: 30%; height: 200px;">          
                        <b>Execution Platform Details</b><br/><br/>
                        <table>
                            <tr>
                                <td>O.S</td>
                                <td>&nbsp;&nbsp;:&nbsp;&nbsp;</td>
                                <td>Windows 10, amd64Bit, v10.0</td>
                            </tr>
                            <tr>
                                <td>Java</td>
                                <td>&nbsp;&nbsp;:&nbsp;&nbsp;</td>
                                <td>17.0.7</td>
                            </tr>

                            <tr>
                                <td>Hostname</td>
                                <td>&nbsp;&nbsp;:&nbsp;&nbsp;</td>
                                <td>DESKTOP-TSHER2F</td>
                            </tr>

                            <tr>
                                <td>Appium</td>
                                <td>&nbsp;&nbsp;:&nbsp;&nbsp;</td>
                                <td>3.10.0</td>
                            </tr>
                        </table>  
                    </div>
                   
 <div class="chartStyle summary" style="background-color:#03b78a; margin-left: 40px; height: 200px;width: 30%; ">
                        <b>Summary</b><br/><br/>
                        <table>
                            <tr>
                                <td>Status</td>
                                <td>&nbsp;&nbsp;:&nbsp;&nbsp;</td>
                                <td>Failed</td>
                            </tr>
                            <tr>
                                <td>Execution Date</td>
                                <td>&nbsp;&nbsp;:&nbsp;&nbsp;</td>
                                <td>02-Nov-2023 02:46:16</td>
                            </tr>
                            

                            <tr>
                                <td>Browser</td>
                                <td>&nbsp;&nbsp;:&nbsp;&nbsp;</td>
                                <td>Chrome</td>
                            </tr>
                        </table> 
                    </div>
   <div>
                        <table class="chartStyle" id="tableStyle" style="height:50px; float: left">
                            <tr>
                                <th>S.No</th>
                                <th>Step Description</th>
                                <th>Input Value</th>
                    <th>Actual Value</th>
                   <th>Time</th>
                                <th>Line No</th>
                                <th>Status</th>
                                <th>Screen shot</th>
                            </tr>
                           

<tr><td>1</td>
<td>Response Time</td>
<td></td>
<td>114</td>
<td>1698916512 Sec</td>
<td>328</td>
<td><img style="height:20px;width:20px;border:none"  alt="PASS" src="../../../../../../..//HTML_Design_Files/IMG/logpass.png" /></td>
<td><a href="img/1.PNG"><img alt="No Screenshot" src="img/1.PNG"/></a></td>
</tr><tr><td>2</td>
<td>Response time within 5 seconds : chatbotdriver</td>
<td></td>
<td></td>
<td>220 Milli Sec</td>
<td>333</td>
<td><img style="height:20px;width:20px;border:none"  alt="PASS" src="../../../../../../..//HTML_Design_Files/IMG/logpass.png" /></td>
<td><a href="img/2.PNG"><img alt="No Screenshot" src="img/2.PNG"/></a></td>
</tr><tr><td>3</td>
<td>Wait for visibility of Elementchatbotdriver</td>
<td></td>
<td></td>
<td>246 Milli Sec</td>
<td>287</td>
<td><img style="height:20px;width:20px;border:none"  alt="PASS" src="../../../../../../..//HTML_Design_Files/IMG/logpass.png" /></td>
<td><a href="img/3.PNG"><img alt="No Screenshot" src="img/3.PNG"/></a></td>
</tr><tr><td>4</td>
<td>Click on chatbotdriver</td>
<td></td>
<td></td>
<td>344 Milli Sec</td>
<td>309</td>
<td><img style="height:20px;width:20px;border:none"  alt="PASS" src="../../../../../../..//HTML_Design_Files/IMG/logpass.png" /></td>
<td><a href="img/4.PNG"><img alt="No Screenshot" src="img/4.PNG"/></a></td>
</tr><tr><td>5</td>
<td>Response Time</td>
<td></td>
<td>18875</td>
<td>19 Sec</td>
<td>328</td>
<td><img style="height:20px;width:20px;border:none"  alt="PASS" src="../../../../../../..//HTML_Design_Files/IMG/logpass.png" /></td>
<td><a href="img/5.PNG"><img alt="No Screenshot" src="img/5.PNG"/></a></td>
</tr><tr><td>6</td>
<td>Response time more than 5 seconds : loan</td>
<td></td>
<td></td>
<td>300 Milli Sec</td>
<td>340</td>
<td><img style="height:18px;width:18px;border:none"  alt="FAIL" src="../../../../../../..//HTML_Design_Files/IMG/logfail.png" /></td>
<td><a href="img/6.PNG"><img alt="No Screenshot" src="img/6.PNG"/></a></td>
</tr><tr><td>7</td>
<td>Wait for visibility of Elementloan</td>
<td></td>
<td></td>
<td>340 Milli Sec</td>
<td>287</td>
<td><img style="height:20px;width:20px;border:none"  alt="PASS" src="../../../../../../..//HTML_Design_Files/IMG/logpass.png" /></td>
<td><a href="img/7.PNG"><img alt="No Screenshot" src="img/7.PNG"/></a></td>
</tr><tr><td>8</td>
<td>Click on loan</td>
<td></td>
<td></td>
<td>497 Milli Sec</td>
<td>309</td>
<td><img style="height:20px;width:20px;border:none"  alt="PASS" src="../../../../../../..//HTML_Design_Files/IMG/logpass.png" /></td>
<td><a href="img/8.PNG"><img alt="No Screenshot" src="img/8.PNG"/></a></td>
</tr><tr><td>9</td>
<td>Valid menu</td>
<td></td>
<td>Maruti Suzuki Finance is an end to end digital car financing platform where the customer can configure On-Road Price, Check CIBIL score, view multiple offers & proceed to select and apply for a loan of their choice.
Main Menu</td>
<td>3 Sec</td>
<td>433</td>
<td><img style="height:20px;width:20px;border:none"  alt="PASS" src="../../../../../../..//HTML_Design_Files/IMG/logpass.png" /></td>
<td><a href="img/9.PNG"><img alt="No Screenshot" src="img/9.PNG"/></a></td>
</tr><tr><td>10</td>
<td>Response Time</td>
<td></td>
<td>44</td>
<td>264 Milli Sec</td>
<td>328</td>
<td><img style="height:20px;width:20px;border:none"  alt="PASS" src="../../../../../../..//HTML_Design_Files/IMG/logpass.png" /></td>
<td><a href="img/10.PNG"><img alt="No Screenshot" src="img/10.PNG"/></a></td>
</tr><tr><td>11</td>
<td>Response time within 5 seconds : financier</td>
<td></td>
<td></td>
<td>185 Milli Sec</td>
<td>333</td>
<td><img style="height:20px;width:20px;border:none"  alt="PASS" src="../../../../../../..//HTML_Design_Files/IMG/logpass.png" /></td>
<td><a href="img/11.PNG"><img alt="No Screenshot" src="img/11.PNG"/></a></td>
</tr><tr><td>12</td>
<td>Wait for visibility of Elementfinancier</td>
<td></td>
<td></td>
<td>216 Milli Sec</td>
<td>287</td>
<td><img style="height:20px;width:20px;border:none"  alt="PASS" src="../../../../../../..//HTML_Design_Files/IMG/logpass.png" /></td>
<td><a href="img/12.PNG"><img alt="No Screenshot" src="img/12.PNG"/></a></td>
</tr><tr><td>13</td>
<td>Click on financier</td>
<td></td>
<td></td>
<td>376 Milli Sec</td>
<td>309</td>
<td><img style="height:20px;width:20px;border:none"  alt="PASS" src="../../../../../../..//HTML_Design_Files/IMG/logpass.png" /></td>
<td><a href="img/13.PNG"><img alt="No Screenshot" src="img/13.PNG"/></a></td>
</tr><tr><td>14</td>
<td>Valid menu</td>
<td></td>
<td>Maruti Suzuki has currently onboarded 24 Finance partners including all key private banks, PSU banks and NBFCs. Proceed further on your Smart Finance journey to get into the details and explore offers suitable for you.
Pre-approved Loans
Custom Loans</td>
<td>2 Sec</td>
<td>433</td>
<td><img style="height:20px;width:20px;border:none"  alt="PASS" src="../../../../../../..//HTML_Design_Files/IMG/logpass.png" /></td>
<td><a href="img/14.PNG"><img alt="No Screenshot" src="img/14.PNG"/></a></td>
</tr><tr><td>15</td>
<td>Response Time</td>
<td></td>
<td>49</td>
<td>354 Milli Sec</td>
<td>328</td>
<td><img style="height:20px;width:20px;border:none"  alt="PASS" src="../../../../../../..//HTML_Design_Files/IMG/logpass.png" /></td>
<td><a href="img/15.PNG"><img alt="No Screenshot" src="img/15.PNG"/></a></td>
</tr><tr><td>16</td>
<td>Response time within 5 seconds : raise</td>
<td></td>
<td></td>
<td>284 Milli Sec</td>
<td>333</td>
<td><img style="height:20px;width:20px;border:none"  alt="PASS" src="../../../../../../..//HTML_Design_Files/IMG/logpass.png" /></td>
<td><a href="img/16.PNG"><img alt="No Screenshot" src="img/16.PNG"/></a></td>
</tr><tr><td>17</td>
<td>Wait for visibility of Elementraise</td>
<td></td>
<td></td>
<td>349 Milli Sec</td>
<td>287</td>
<td><img style="height:20px;width:20px;border:none"  alt="PASS" src="../../../../../../..//HTML_Design_Files/IMG/logpass.png" /></td>
<td><a href="img/17.PNG"><img alt="No Screenshot" src="img/17.PNG"/></a></td>
</tr><tr><td>18</td>
<td>Type on raise</td>
<td>raise an issue</td>
<td></td>
<td>548 Milli Sec</td>
<td>488</td>
<td><img style="height:20px;width:20px;border:none"  alt="PASS" src="../../../../../../..//HTML_Design_Files/IMG/logpass.png" /></td>
<td><a href="img/18.PNG"><img alt="No Screenshot" src="img/18.PNG"/></a></td>
</tr>
                        </table>  
 <div class="chartStyle summary" style="color: black;width: 98%; height: 100%; padding-bottom: 30px;">          

                        <br/><br/><b>Reason for Failure:&nbsp;&nbsp;</b>Time Out Error<br/><br/>
<b id="showmenu">Click Me to Show/Hide the Full Stack Trace</b><div class="exception">
org.openqa.selenium.TimeoutException: Expected condition failed: waiting for visibility of element located by By.xpath: //p[text()='raise an issue']/ancestor::div[@class='dave-userchat']/following::div[@class='dave-botchat']/child::p[@class='dave-chattext'] (tried for 30 second(s) with 500 milliseconds interval)
	at org.openqa.selenium.support.ui.WebDriverWait.timeoutException(WebDriverWait.java:82)
	at org.openqa.selenium.support.ui.FluentWait.until(FluentWait.java:272)
	at commonMethods.Keywords.asserterText(Keywords.java:425)
	at scripts.ChatBot.createnexa(ChatBot.java:35)
	at commonMethods.Testcases.ChatBot(Testcases.java:68)
	at java.base/jdk.internal.reflect.NativeMethodAccessorImpl.invoke0(Native Method)
	at java.base/jdk.internal.reflect.NativeMethodAccessorImpl.invoke(NativeMethodAccessorImpl.java:77)
	at java.base/jdk.internal.reflect.DelegatingMethodAccessorImpl.invoke(DelegatingMethodAccessorImpl.java:43)
	at java.base/java.lang.reflect.Method.invoke(Method.java:568)
	at org.testng.internal.invokers.MethodInvocationHelper.invokeMethod(MethodInvocationHelper.java:139)
	at org.testng.internal.invokers.TestInvoker.invokeMethod(TestInvoker.java:664)
	at org.testng.internal.invokers.TestInvoker.invokeTestMethod(TestInvoker.java:227)
	at org.testng.internal.invokers.MethodRunner.runInSequence(MethodRunner.java:50)
	at org.testng.internal.invokers.TestInvoker$MethodInvocationAgent.invoke(TestInvoker.java:957)
	at org.testng.internal.invokers.TestInvoker.invokeTestMethods(TestInvoker.java:200)
	at org.testng.internal.invokers.TestMethodWorker.invokeTestMethods(TestMethodWorker.java:148)
	at org.testng.internal.invokers.TestMethodWorker.run(TestMethodWorker.java:128)
	at java.base/java.util.ArrayList.forEach(ArrayList.java:1511)
	at org.testng.TestRunner.privateRun(TestRunner.java:848)
	at org.testng.TestRunner.run(TestRunner.java:621)
	at org.testng.SuiteRunner.runTest(SuiteRunner.java:443)
	at org.testng.SuiteRunner.runSequentially(SuiteRunner.java:437)
	at org.testng.SuiteRunner.privateRun(SuiteRunner.java:397)
	at org.testng.SuiteRunner.run(SuiteRunner.java:336)
	at org.testng.SuiteRunnerWorker.runSuite(SuiteRunnerWorker.java:52)
	at org.testng.SuiteRunnerWorker.run(SuiteRunnerWorker.java:95)
	at org.testng.TestNG.runSuitesSequentially(TestNG.java:1280)
	at org.testng.TestNG.runSuitesLocally(TestNG.java:1200)
	at org.testng.TestNG.runSuites(TestNG.java:1114)
	at org.testng.TestNG.run(TestNG.java:1082)
	at org.testng.remote.AbstractRemoteTestNG.run(AbstractRemoteTestNG.java:115)
	at org.testng.remote.RemoteTestNG.initAndRun(RemoteTestNG.java:251)
	at org.testng.remote.RemoteTestNG.main(RemoteTestNG.java:77)
Caused by: org.openqa.selenium.NoSuchElementException: Cannot locate an element using By.xpath: //p[text()='raise an issue']/ancestor::div[@class='dave-userchat']/following::div[@class='dave-botchat']/child::p[@class='dave-chattext']
For documentation on this error, please visit: http://seleniumhq.org/exceptions/no_such_element.html
Build info: version: '3.10.0', revision: '176b4a9', time: '2018-03-02T19:03:16.397Z'
System info: host: 'DESKTOP-TSHER2F', ip: '192.168.0.175', os.name: 'Windows 10', os.arch: 'amd64', os.version: '10.0', java.version: '17.0.7'
Driver info: driver.version: unknown
	at org.openqa.selenium.support.ui.ExpectedConditions.lambda$findElement$0(ExpectedConditions.java:896)
	at java.base/java.util.Optional.orElseThrow(Optional.java:403)
	at org.openqa.selenium.support.ui.ExpectedConditions.findElement(ExpectedConditions.java:895)
	at org.openqa.selenium.support.ui.ExpectedConditions.access$000(ExpectedConditions.java:44)
	at org.openqa.selenium.support.ui.ExpectedConditions$7.apply(ExpectedConditions.java:206)
	at org.openqa.selenium.support.ui.ExpectedConditions$7.apply(ExpectedConditions.java:202)
	at org.openqa.selenium.support.ui.FluentWait.until(FluentWait.java:249)
	... 31 more
</div>                    </div>                    </div>

                </td>
            </tr>            <tr id="footer">
<td colspan="2">
&nbsp;
TrackDfect Reports&nbsp;
 Reports by: <a href="http://www.trackdfect.com/">TrackDfect.com</a>
</td>
</tr>
</table>
</body>
</html>
